# JRE version: Java(TM) SE Runtime Environment (8.0_171-b11) (build 1.8.0_171-b11)
# Java VM: Java HotSpot(TM) 64-Bit Server VM (25.171-b11 mixed mode windows-amd64 compressed oops)
Heap:
 PSYoungGen      total 124416K, used 16896K [0x00000000eb400000, 0x00000000f9880000, 0x0000000100000000)
  eden space 16896K, 100% used [0x00000000eb400000,0x00000000ec480000,0x00000000ec480000)
  from space 107520K, 0% used [0x00000000f2f80000,0x00000000f2f80000,0x00000000f9880000)
  to   space 108544K, 0% used [0x00000000ec480000,0x00000000ec480000,0x00000000f2e80000)
 ParOldGen       total 679936K, used 679935K [0x00000000c1c00000, 0x00000000eb400000, 0x00000000eb400000)
  object space 679936K, 99% used [0x00000000c1c00000,0x00000000eb3fffd0,0x00000000eb400000)
 Metaspace       used 9075K, capacity 9292K, committed 9600K, reserved 1058816K
  class space    used 987K, capacity 1060K, committed 1152K, reserved 1048576K
GC Heap History (10 events):
Event: 53.106 GC heap after
Heap after GC invocations=668 (full 636):
 PSYoungGen      total 124416K, used 16896K [0x00000000eb400000, 0x00000000f9880000, 0x0000000100000000)
  eden space 16896K, 100% used [0x00000000eb400000,0x00000000ec480000,0x00000000ec480000)
  from space 107520K, 0% used [0x00000000f2f80000,0x00000000f2f80000,0x00000000f9880000)
  to   space 108544K, 0% used [0x00000000ec480000,0x00000000ec480000,0x00000000f2e80000)
 ParOldGen       total 679936K, used 679936K [0x00000000c1c00000, 0x00000000eb400000, 0x00000000eb400000)
  object space 679936K, 100% used [0x00000000c1c00000,0x00000000eb400000,0x00000000eb400000)
 Metaspace       used 9075K, capacity 9292K, committed 9600K, reserved 1058816K
  class space    used 987K, capacity 1060K, committed 1152K, reserved 1048576K
}
Event: 53.106 GC heap before
{Heap before GC invocations=669 (full 637):
 PSYoungGen      total 124416K, used 16896K [0x00000000eb400000, 0x00000000f9880000, 0x0000000100000000)
  eden space 16896K, 100% used [0x00000000eb400000,0x00000000ec480000,0x00000000ec480000)
  from space 107520K, 0% used [0x00000000f2f80000,0x00000000f2f80000,0x00000000f9880000)
  to   space 108544K, 0% used [0x00000000ec480000,0x00000000ec480000,0x00000000f2e80000)
 ParOldGen       total 679936K, used 679936K [0x00000000c1c00000, 0x00000000eb400000, 0x00000000eb400000)
  object space 679936K, 100% used [0x00000000c1c00000,0x00000000eb400000,0x00000000eb400000)
 Metaspace       used 9075K, capacity 9292K, committed 9600K, reserved 1058816K
  class space    used 987K, capacity 1060K, committed 1152K, reserved 1048576K
Event: 53.128 GC heap after
Heap after GC invocations=669 (full 637):
 PSYoungGen      total 124416K, used 16896K [0x00000000eb400000, 0x00000000f9880000, 0x0000000100000000)
  eden space 16896K, 100% used [0x00000000eb400000,0x00000000ec480000,0x00000000ec480000)
  from space 107520K, 0% used [0x00000000f2f80000,0x00000000f2f80000,0x00000000f9880000)
  to   space 108544K, 0% used [0x00000000ec480000,0x00000000ec480000,0x00000000f2e80000)
 ParOldGen       total 679936K, used 679936K [0x00000000c1c00000, 0x00000000eb400000, 0x00000000eb400000)
  object space 679936K, 100% used [0x00000000c1c00000,0x00000000eb400000,0x00000000eb400000)
 Metaspace       used 9075K, capacity 9292K, committed 9600K, reserved 1058816K
  class space    used 987K, capacity 1060K, committed 1152K, reserved 1048576K
}
Event: 53.128 GC heap before
{Heap before GC invocations=670 (full 638):
 PSYoungGen      total 124416K, used 16896K [0x00000000eb400000, 0x00000000f9880000, 0x0000000100000000)
  eden space 16896K, 100% used [0x00000000eb400000,0x00000000ec480000,0x00000000ec480000)
  from space 107520K, 0% used [0x00000000f2f80000,0x00000000f2f80000,0x00000000f9880000)
  to   space 108544K, 0% used [0x00000000ec480000,0x00000000ec480000,0x00000000f2e80000)
 ParOldGen       total 679936K, used 679936K [0x00000000c1c00000, 0x00000000eb400000, 0x00000000eb400000)
  object space 679936K, 100% used [0x00000000c1c00000,0x00000000eb400000,0x00000000eb400000)
 Metaspace       used 9075K, capacity 9292K, committed 9600K, reserved 1058816K
  class space    used 987K, capacity 1060K, committed 1152K, reserved 1048576K
Event: 53.144 GC heap after
Heap after GC invocations=670 (full 638):
 PSYoungGen      total 124416K, used 16896K [0x00000000eb400000, 0x00000000f9880000, 0x0000000100000000)
  eden space 16896K, 100% used [0x00000000eb400000,0x00000000ec480000,0x00000000ec480000)
  from space 107520K, 0% used [0x00000000f2f80000,0x00000000f2f80000,0x00000000f9880000)
  to   space 108544K, 0% used [0x00000000ec480000,0x00000000ec480000,0x00000000f2e80000)
 ParOldGen       total 679936K, used 679936K [0x00000000c1c00000, 0x00000000eb400000, 0x00000000eb400000)
  object space 679936K, 100% used [0x00000000c1c00000,0x00000000eb400000,0x00000000eb400000)
 Metaspace       used 9075K, capacity 9292K, committed 9600K, reserved 1058816K
  class space    used 987K, capacity 1060K, committed 1152K, reserved 1048576K
}
Event: 53.144 GC heap before
{Heap before GC invocations=671 (full 639):
 PSYoungGen      total 124416K, used 16896K [0x00000000eb400000, 0x00000000f9880000, 0x0000000100000000)
  eden space 16896K, 100% used [0x00000000eb400000,0x00000000ec480000,0x00000000ec480000)
  from space 107520K, 0% used [0x00000000f2f80000,0x00000000f2f80000,0x00000000f9880000)
  to   space 108544K, 0% used [0x00000000ec480000,0x00000000ec480000,0x00000000f2e80000)
 ParOldGen       total 679936K, used 679936K [0x00000000c1c00000, 0x00000000eb400000, 0x00000000eb400000)
  object space 679936K, 100% used [0x00000000c1c00000,0x00000000eb400000,0x00000000eb400000)
 Metaspace       used 9075K, capacity 9292K, committed 9600K, reserved 1058816K
  class space    used 987K, capacity 1060K, committed 1152K, reserved 1048576K
Event: 53.165 GC heap after
Heap after GC invocations=671 (full 639):
 PSYoungGen      total 124416K, used 16896K [0x00000000eb400000, 0x00000000f9880000, 0x0000000100000000)
  eden space 16896K, 100% used [0x00000000eb400000,0x00000000ec480000,0x00000000ec480000)
  from space 107520K, 0% used [0x00000000f2f80000,0x00000000f2f80000,0x00000000f9880000)
  to   space 108544K, 0% used [0x00000000ec480000,0x00000000ec480000,0x00000000f2e80000)
 ParOldGen       total 679936K, used 679936K [0x00000000c1c00000, 0x00000000eb400000, 0x00000000eb400000)
  object space 679936K, 100% used [0x00000000c1c00000,0x00000000eb400000,0x00000000eb400000)
 Metaspace       used 9075K, capacity 9292K, committed 9600K, reserved 1058816K
  class space    used 987K, capacity 1060K, committed 1152K, reserved 1048576K
}
Event: 53.166 GC heap before
{Heap before GC invocations=672 (full 640):
 PSYoungGen      total 124416K, used 16896K [0x00000000eb400000, 0x00000000f9880000, 0x0000000100000000)
  eden space 16896K, 100% used [0x00000000eb400000,0x00000000ec480000,0x00000000ec480000)
  from space 107520K, 0% used [0x00000000f2f80000,0x00000000f2f80000,0x00000000f9880000)
  to   space 108544K, 0% used [0x00000000ec480000,0x00000000ec480000,0x00000000f2e80000)
 ParOldGen       total 679936K, used 679936K [0x00000000c1c00000, 0x00000000eb400000, 0x00000000eb400000)
  object space 679936K, 100% used [0x00000000c1c00000,0x00000000eb400000,0x00000000eb400000)
 Metaspace       used 9075K, capacity 9292K, committed 9600K, reserved 1058816K
  class space    used 987K, capacity 1060K, committed 1152K, reserved 1048576K
Event: 53.185 GC heap after
Heap after GC invocations=672 (full 640):
 PSYoungGen      total 124416K, used 16896K [0x00000000eb400000, 0x00000000f9880000, 0x0000000100000000)
  eden space 16896K, 100% used [0x00000000eb400000,0x00000000ec480000,0x00000000ec480000)
  from space 107520K, 0% used [0x00000000f2f80000,0x00000000f2f80000,0x00000000f9880000)
  to   space 108544K, 0% used [0x00000000ec480000,0x00000000ec480000,0x00000000f2e80000)
 ParOldGen       total 679936K, used 679936K [0x00000000c1c00000, 0x00000000eb400000, 0x00000000eb400000)
  object space 679936K, 100% used [0x00000000c1c00000,0x00000000eb400000,0x00000000eb400000)
 Metaspace       used 9075K, capacity 9292K, committed 9600K, reserved 1058816K
  class space    used 987K, capacity 1060K, committed 1152K, reserved 1048576K
}
Event: 53.185 GC heap before
{Heap before GC invocations=673 (full 641):
 PSYoungGen      total 124416K, used 16896K [0x00000000eb400000, 0x00000000f9880000, 0x0000000100000000)
  eden space 16896K, 100% used [0x00000000eb400000,0x00000000ec480000,0x00000000ec480000)
  from space 107520K, 0% used [0x00000000f2f80000,0x00000000f2f80000,0x00000000f9880000)
  to   space 108544K, 0% used [0x00000000ec480000,0x00000000ec480000,0x00000000f2e80000)
 ParOldGen       total 679936K, used 679936K [0x00000000c1c00000, 0x00000000eb400000, 0x00000000eb400000)
  object space 679936K, 100% used [0x00000000c1c00000,0x00000000eb400000,0x00000000eb400000)
 Metaspace       used 9075K, capacity 9292K, committed 9600K, reserved 1058816K
  class space    used 987K, capacity 1060K, committed 1152K, reserved 1048576K

